{"C:\\Users\\kales\\Documents\\Study\\GitHub\\webpack-basic-setup\\src\\App.tsx": {"path":"C:\\Users\\kales\\Documents\\Study\\GitHub\\webpack-basic-setup\\src\\App.tsx","statementMap":{"0":{"start":{"line":1,"column":0},"end":{"line":1,"column":35}},"1":{"start":{"line":3,"column":19},"end":{"line":10,"column":1}},"2":{"start":{"line":4,"column":2},"end":{"line":9,"column":null}},"3":{"start":{"line":3,"column":13},"end":{"line":3,"column":19}}},"fnMap":{"0":{"name":"(anonymous_0)","decl":{"start":{"line":3,"column":19},"end":{"line":3,"column":null}},"loc":{"start":{"line":3,"column":19},"end":{"line":10,"column":1}}}},"branchMap":{},"s":{"0":0,"1":0,"2":0,"3":0},"f":{"0":0},"b":{}}
,"C:\\Users\\kales\\Documents\\Study\\GitHub\\webpack-basic-setup\\src\\Counter.tsx": {"path":"C:\\Users\\kales\\Documents\\Study\\GitHub\\webpack-basic-setup\\src\\Counter.tsx","statementMap":{"0":{"start":{"line":1,"column":0},"end":{"line":1,"column":32}},"1":{"start":{"line":3,"column":23},"end":{"line":11,"column":1}},"2":{"start":{"line":4,"column":28},"end":{"line":4,"column":39}},"3":{"start":{"line":4,"column":14},"end":{"line":4,"column":16}},"4":{"start":{"line":4,"column":24},"end":{"line":4,"column":28}},"5":{"start":{"line":5,"column":2},"end":{"line":10,"column":null}},"6":{"start":{"line":8,"column":29},"end":{"line":8,"column":62}},"7":{"start":{"line":8,"column":45},"end":{"line":8,"column":51}},"8":{"start":{"line":3,"column":13},"end":{"line":3,"column":23}}},"fnMap":{"0":{"name":"(anonymous_2)","decl":{"start":{"line":3,"column":23},"end":{"line":3,"column":null}},"loc":{"start":{"line":3,"column":23},"end":{"line":11,"column":1}}},"1":{"name":"(anonymous_3)","decl":{"start":{"line":8,"column":23},"end":{"line":8,"column":29}},"loc":{"start":{"line":8,"column":23},"end":{"line":8,"column":37}}},"2":{"name":"(anonymous_4)","decl":{"start":{"line":8,"column":38},"end":{"line":8,"column":39}},"loc":{"start":{"line":8,"column":40},"end":{"line":8,"column":46}}}},"branchMap":{},"s":{"0":0,"1":0,"2":0,"3":0,"4":0,"5":0,"6":0,"7":0,"8":0},"f":{"0":0,"1":0,"2":0},"b":{}}
,"C:\\Users\\kales\\Documents\\Study\\GitHub\\webpack-basic-setup\\src\\declarations.d.ts": {"path":"C:\\Users\\kales\\Documents\\Study\\GitHub\\webpack-basic-setup\\src\\declarations.d.ts","statementMap":{},"fnMap":{},"branchMap":{},"s":{},"f":{},"b":{},"inputSourceMap":null}
,"C:\\Users\\kales\\Documents\\Study\\GitHub\\webpack-basic-setup\\src\\index.tsx": {"path":"C:\\Users\\kales\\Documents\\Study\\GitHub\\webpack-basic-setup\\src\\index.tsx","statementMap":{"0":{"start":{"line":1,"column":0},"end":{"line":1,"column":32}},"1":{"start":{"line":2,"column":0},"end":{"line":2,"column":27}},"2":{"start":{"line":4,"column":0},"end":{"line":4,"column":null}}},"fnMap":{},"branchMap":{},"s":{"0":0,"1":0,"2":0},"f":{},"b":{}}
}
